[debug] [2024-03-14T12:19:50.974Z] ----------------------------------------------------------------------
[debug] [2024-03-14T12:19:50.976Z] Command:       C:\Program Files\nodejs\node.exe C:\Users\DIONE APPS\AppData\Roaming\npm\node_modules\firebase-tools\lib\bin\firebase.js init
[debug] [2024-03-14T12:19:50.976Z] CLI Version:   13.5.0
[debug] [2024-03-14T12:19:50.977Z] Platform:      win32
[debug] [2024-03-14T12:19:50.977Z] Node Version:  v21.7.1
[debug] [2024-03-14T12:19:50.977Z] Time:          Thu Mar 14 2024 17:49:50 GMT+0530 (India Standard Time)
[debug] [2024-03-14T12:19:50.977Z] ----------------------------------------------------------------------
[debug] 
[debug] [2024-03-14T12:19:51.037Z] > command requires scopes: ["email","openid","https://www.googleapis.com/auth/cloudplatformprojects.readonly","https://www.googleapis.com/auth/firebase","https://www.googleapis.com/auth/cloud-platform"]
[debug] [2024-03-14T12:19:51.037Z] > authorizing via signed-in user (jaydipgodhani9@gmail.com)
[info] 
     ######## #### ########  ######## ########     ###     ######  ########
     ##        ##  ##     ## ##       ##     ##  ##   ##  ##       ##
     ######    ##  ########  ######   ########  #########  ######  ######
     ##        ##  ##    ##  ##       ##     ## ##     ##       ## ##
     ##       #### ##     ## ######## ########  ##     ##  ######  ########

You're about to initialize a Firebase project in this directory:

  E:\Company_Project\HomeworkHelper

Before we get started, keep in mind:

  * You are initializing within an existing Firebase project directory

